<?xml version="1.0" encoding="UTF-8"?>
<!-- Generated by org.testng.reporters.JUnitReportReporter -->
<testsuite hostname="INHYNJRAYALA02" failures="0" tests="1" name="one.SeleniumTestDemo1" time="5.631" errors="0" timestamp="2025-02-24T21:38:21 IST" skipped="0">
  <testcase classname="one.SeleniumTestDemo1" name="testNGDemo" time="5.631"/>
</testsuite> <!-- one.SeleniumTestDemo1 -->
