<?xml version="1.0" encoding="UTF-8"?>
<!-- Generated by org.testng.reporters.JUnitReportReporter -->
<testsuite hostname="INHYNJRAYALA02" failures="0" tests="1" name="one.SeleniumTestDemo1" time="10.369" errors="0" timestamp="2024-07-25T11:59:26 IST" skipped="0">
  <testcase classname="one.SeleniumTestDemo1" name="testNGDemo" time="10.369"/>
</testsuite> <!-- one.SeleniumTestDemo1 -->
